2024-07-28T05:06:36.394Z - Received gesture: Open_Palm
2024-07-28T05:06:36.641Z - Received gesture: Open_Palm
2024-07-28T05:06:36.883Z - Received gesture: Open_Palm
2024-07-28T05:06:37.123Z - Received gesture: Open_Palm
2024-07-28T05:06:37.363Z - Received gesture: Open_Palm
2024-07-28T05:06:37.586Z - Received gesture: Open_Palm
2024-07-28T05:06:37.880Z - Received gesture: Open_Palm
2024-07-28T05:06:38.183Z - Received gesture: Open_Palm
2024-07-28T05:06:38.481Z - Received gesture: Open_Palm
2024-07-28T05:06:38.745Z - Received gesture: Open_Palm
2024-07-28T05:06:39.110Z - Received gesture: Closed_Fist
2024-07-28T05:06:39.384Z - Received gesture: Closed_Fist
2024-07-28T05:06:39.597Z - Received gesture: Closed_Fist
2024-07-28T05:06:39.818Z - Received gesture: Closed_Fist
2024-07-28T05:06:40.025Z - Received gesture: Closed_Fist
2024-07-28T05:06:40.267Z - Received gesture: Closed_Fist
2024-07-28T05:06:40.477Z - Received gesture: Closed_Fist
2024-07-28T05:06:40.709Z - Received gesture: Closed_Fist
2024-07-28T05:18:00.201Z - Received gesture: Victory
2024-07-28T05:18:00.406Z - Received gesture: Victory
2024-07-28T05:18:00.641Z - Received gesture: Victory
2024-07-28T05:18:00.881Z - Received gesture: Victory
2024-07-28T05:18:01.124Z - Received gesture: Victory
2024-07-28T05:18:01.406Z - Received gesture: Victory
2024-07-28T05:18:01.662Z - Received gesture: Victory
2024-07-28T05:18:01.910Z - Received gesture: Victory
2024-07-28T05:18:02.148Z - Received gesture: Victory
2024-07-28T05:18:02.395Z - Received gesture: Victory
2024-07-28T05:18:03.525Z - Received gesture: None
2024-07-28T05:18:03.771Z - Received gesture: None
None
Closed_Fist
Closed_Fist
Closed_Fist
Closed_Fist
Closed_Fist
Closed_Fist
Closed_Fist
Closed_Fist
Closed_Fist
Closed_Fist
Closed_Fist
Closed_Fist
Closed_Fist
Closed_Fist
2024-07-28T05:38:27.967Z - Closed_Fist
2024-07-28T05:38:28.156Z - Closed_Fist
2024-07-28T05:38:28.385Z - Closed_Fist
2024-07-28T05:38:28.589Z - Closed_Fist
2024-07-28T05:38:28.801Z - Closed_Fist
2024-07-28T05:38:29.045Z - Closed_Fist
2024-07-28T05:38:29.368Z - Closed_Fist
2024-07-28T05:38:29.606Z - Closed_Fist
2024-07-28T05:38:29.853Z - Closed_Fist
2024-07-28T05:38:30.092Z - Closed_Fist
2024-07-28T05:38:30.331Z - Closed_Fist
2024-07-28T05:38:30.552Z - Closed_Fist
2024-07-28T06:28:26.195Z - Unidentified
2024-07-28T06:28:26.378Z - Unidentified
2024-07-28T06:28:26.581Z - Unidentified
2024-07-28T06:28:27.566Z - Unidentified
2024-07-28T06:28:27.783Z - Unidentified
2024-07-28T06:28:27.994Z - Unidentified
2024-07-28T06:28:28.223Z - Unidentified
2024-07-28T06:28:28.424Z - Unidentified
2024-07-28T06:28:28.622Z - Unidentified
2024-07-28T06:28:28.820Z - Unidentified
2024-07-28T06:28:29.021Z - Unidentified
2024-07-28T06:28:29.208Z - Unidentified
2024-07-28T06:28:35.929Z - Unidentified
2024-07-28T06:28:42.687Z - Unidentified
2024-07-28T06:32:14.089Z - Closed Fist
2024-07-28T06:32:14.304Z - Closed Fist
2024-07-28T06:32:14.512Z - Closed Fist
2024-07-28T06:32:14.738Z - Closed Fist
2024-07-28T06:32:14.958Z - Closed Fist
2024-07-28T06:32:15.193Z - Closed Fist
2024-07-28T06:32:15.423Z - Unidentified
2024-07-28T06:32:19.012Z - Closed Fist
2024-07-28T06:32:20.596Z - Closed Fist
2024-07-28T06:32:20.824Z - Closed Fist
2024-07-28T06:32:21.042Z - Closed Fist
2024-07-28T06:32:21.279Z - Closed Fist
2024-07-28T06:35:04.501Z - Unidentified
2024-07-28T06:35:07.789Z - Closed Fist
2024-07-28T10:12:20.198Z - None
2024-07-28T10:12:20.208Z - Thumb_Up
2024-07-28T10:12:20.594Z - Open_Palm
2024-07-28T10:12:20.601Z - Open_Palm
2024-07-28T10:12:21.101Z - Open_Palm
2024-07-28T10:12:21.106Z - Open_Palm
2024-07-28T10:12:21.674Z - Open_Palm
2024-07-28T10:12:21.678Z - Open_Palm
2024-07-28T10:12:22.187Z - Open_Palm
2024-07-28T10:12:22.192Z - Open_Palm
2024-07-28T10:12:22.709Z - Open_Palm
2024-07-28T10:12:22.702Z - Open_Palm
2024-07-28T10:12:23.191Z - None
2024-07-28T10:12:23.199Z - Open_Palm
2024-07-28T10:12:23.637Z - None
2024-07-28T10:12:23.640Z - Open_Palm
2024-07-28T10:12:24.076Z - None
2024-07-28T10:12:24.078Z - Open_Palm
2024-07-28T10:12:24.528Z - Open_Palm
2024-07-28T10:12:24.530Z - Open_Palm
2024-07-28T10:12:24.958Z - Open_Palm
2024-07-28T10:12:24.959Z - Open_Palm
2024-07-28T10:12:25.384Z - Open_Palm
2024-07-28T10:12:25.385Z - Open_Palm
2024-07-28T10:12:25.781Z - Open_Palm
2024-07-28T10:12:25.782Z - Open_Palm
2024-07-28T10:12:26.194Z - Open_Palm
2024-07-28T10:12:26.196Z - Open_Palm
2024-07-30T04:29:55.869Z - Open_Palm
2024-07-30T04:29:56.153Z - None
2024-07-30T04:29:56.161Z - Open_Palm
2024-07-30T04:29:56.400Z - Open_Palm
2024-07-30T04:29:56.666Z - Open_Palm
2024-07-30T04:29:56.922Z - Open_Palm
2024-07-30T04:29:57.204Z - Open_Palm
2024-07-30T04:29:57.507Z - Open_Palm
2024-07-30T04:29:57.803Z - Open_Palm
2024-07-30T04:29:58.201Z - Closed_Fist
2024-07-30T04:29:58.507Z - Closed_Fist
2024-07-30T04:29:58.780Z - Closed_Fist
2024-07-30T04:29:59.045Z - Closed_Fist
2024-07-30T04:29:59.333Z - Closed_Fist
2024-07-30T04:29:59.601Z - Closed_Fist
2024-07-30T04:29:59.883Z - Closed_Fist
2024-07-30T04:30:00.288Z - Closed_Fist
2024-07-30T04:30:00.745Z - Closed_Fist
2024-07-30T04:30:01.139Z - Closed_Fist
2024-07-30T04:30:01.516Z - Closed_Fist
2024-07-30T15:07:01.522Z - None
2024-07-30T15:07:01.600Z - Open_Palm
2024-07-30T15:07:01.715Z - Open_Palm
2024-07-30T15:07:01.833Z - Open_Palm
2024-07-30T15:07:01.952Z - Open_Palm
2024-07-30T15:07:02.072Z - Open_Palm
2024-07-30T15:07:02.188Z - Open_Palm
2024-07-30T15:07:02.311Z - Open_Palm
2024-07-30T15:07:02.432Z - Open_Palm
2024-07-30T15:07:02.545Z - Open_Palm
2024-07-30T15:07:02.659Z - Open_Palm
2024-07-30T15:07:02.771Z - Open_Palm
2024-07-30T15:07:02.888Z - Open_Palm
2024-07-30T15:07:02.994Z - Open_Palm
2024-07-30T15:07:03.104Z - Open_Palm
2024-07-30T15:07:03.231Z - Open_Palm
2024-07-30T15:07:03.342Z - Open_Palm
2024-07-30T15:07:03.459Z - Open_Palm
2024-07-30T15:07:03.573Z - Open_Palm
2024-07-30T15:07:03.687Z - Open_Palm
2024-07-30T15:07:03.792Z - Open_Palm
2024-07-30T15:07:03.903Z - Open_Palm
2024-07-30T15:07:04.011Z - Open_Palm
2024-07-30T15:07:04.120Z - Open_Palm
2024-07-30T15:07:04.232Z - Open_Palm
2024-07-30T15:07:04.343Z - Open_Palm
2024-07-30T15:07:04.476Z - Open_Palm
2024-07-30T15:07:04.642Z - Open_Palm
2024-07-30T15:07:04.811Z - Open_Palm
2024-07-30T15:07:04.969Z - Open_Palm
2024-07-30T15:07:05.078Z - Open_Palm
2024-07-30T15:07:05.197Z - Open_Palm
2024-07-30T15:07:05.346Z - Open_Palm
2024-07-30T15:07:05.461Z - Open_Palm
2024-07-30T15:07:05.569Z - Open_Palm
2024-07-30T15:07:05.688Z - Open_Palm
2024-07-30T15:07:05.809Z - Open_Palm
2024-07-30T15:07:05.923Z - Open_Palm
2024-07-30T15:07:06.033Z - Open_Palm
2024-07-30T15:07:06.144Z - Open_Palm
2024-07-30T15:07:06.254Z - Open_Palm
2024-07-30T15:07:06.369Z - Open_Palm
2024-07-30T15:07:06.483Z - Open_Palm
2024-07-30T15:07:06.601Z - Open_Palm
2024-07-30T15:07:06.709Z - Open_Palm
2024-07-30T15:07:06.822Z - Open_Palm
2024-07-30T15:07:06.933Z - Open_Palm
2024-07-30T15:07:07.043Z - Open_Palm
2024-07-30T15:07:07.154Z - Open_Palm
2024-07-30T15:07:07.285Z - Open_Palm
2024-07-30T15:07:07.418Z - Open_Palm
2024-07-30T15:07:07.566Z - Open_Palm
2024-07-30T15:07:07.684Z - Open_Palm
2024-07-30T15:07:07.810Z - Open_Palm
2024-07-30T15:07:07.929Z - Open_Palm
2024-07-30T15:07:08.045Z - Open_Palm
2024-07-30T15:07:08.207Z - Open_Palm
2024-07-30T15:07:08.318Z - Open_Palm
2024-07-30T15:07:08.430Z - Open_Palm
2024-07-30T15:07:08.541Z - Open_Palm
2024-07-30T15:07:08.649Z - None
2024-07-30T15:07:08.795Z - Open_Palm
2024-07-30T15:07:08.944Z - Open_Palm
2024-07-30T15:07:09.054Z - Open_Palm
2024-07-30T15:07:09.170Z - Open_Palm
2024-07-30T15:07:09.315Z - Open_Palm
2024-07-30T15:07:09.423Z - Open_Palm
2024-07-30T15:07:09.533Z - Open_Palm
2024-07-30T15:07:09.644Z - Open_Palm
2024-07-30T15:07:09.755Z - Open_Palm
2024-07-30T15:07:09.876Z - Open_Palm
2024-07-30T15:07:09.991Z - Open_Palm
2024-07-30T15:07:10.099Z - Open_Palm
2024-07-30T15:07:10.211Z - Open_Palm
2024-07-30T15:07:10.321Z - Open_Palm
2024-07-30T15:07:10.429Z - Open_Palm
2024-07-30T15:07:10.544Z - Open_Palm
2024-07-30T15:07:10.663Z - Open_Palm
2024-07-30T15:07:10.775Z - Open_Palm
2024-07-30T15:07:10.885Z - Open_Palm
2024-07-30T15:07:11.000Z - Open_Palm
2024-07-30T15:07:11.114Z - Open_Palm
2024-07-30T15:07:11.221Z - Open_Palm
2024-07-30T15:07:11.335Z - None
2024-07-30T15:07:11.445Z - Open_Palm
2024-07-30T15:07:11.555Z - Open_Palm
2024-07-30T15:07:11.665Z - None
2024-07-30T15:07:11.777Z - Open_Palm
2024-07-30T15:07:11.924Z - None
2024-07-30T15:07:12.033Z - Open_Palm
2024-07-30T15:07:12.142Z - None
2024-07-30T15:07:12.255Z - Open_Palm
2024-07-30T15:07:12.367Z - None
2024-07-30T15:07:12.482Z - None
2024-07-30T15:07:12.596Z - Open_Palm
2024-07-30T15:07:12.707Z - Open_Palm
2024-07-30T15:07:12.817Z - Closed_Fist
2024-07-30T15:07:12.924Z - Closed_Fist
2024-07-30T15:07:13.039Z - Closed_Fist
2024-07-30T15:07:13.152Z - Closed_Fist
2024-07-30T15:07:13.262Z - Closed_Fist
2024-07-30T15:07:13.369Z - Closed_Fist
2024-07-30T15:07:13.481Z - None
2024-07-30T15:07:13.591Z - Open_Palm
2024-07-30T15:07:13.708Z - Open_Palm
2024-07-30T15:07:13.857Z - None
2024-07-30T15:07:13.970Z - None
2024-07-30T15:07:14.077Z - None
2024-07-30T15:07:14.199Z - Open_Palm
2024-07-30T15:07:14.309Z - None
2024-07-30T15:07:14.420Z - None
2024-07-30T15:07:14.536Z - Open_Palm
2024-07-30T15:07:14.663Z - None
2024-07-30T15:07:14.821Z - Closed_Fist
2024-07-30T15:07:14.969Z - Closed_Fist
2024-07-30T15:07:15.088Z - None
2024-07-30T15:07:15.211Z - None
2024-07-30T15:07:15.326Z - None
2024-07-30T15:07:15.443Z - None
2024-07-30T15:07:15.558Z - None
2024-07-30T15:07:15.677Z - None
2024-07-30T15:07:15.787Z - Open_Palm
2024-07-30T15:07:15.897Z - Open_Palm
2024-07-30T15:07:16.009Z - Open_Palm
2024-07-30T15:07:16.119Z - Open_Palm
2024-07-30T15:07:16.227Z - Open_Palm
2024-07-30T15:07:16.422Z - None
2024-07-30T15:07:16.538Z - None
2024-07-30T15:07:16.650Z - Open_Palm
2024-07-30T15:07:16.768Z - None
2024-07-30T15:07:16.883Z - None
2024-07-30T15:07:16.991Z - Open_Palm
2024-07-30T15:07:17.103Z - None
2024-07-30T15:07:17.220Z - Closed_Fist
2024-07-30T15:07:17.330Z - Closed_Fist
2024-07-30T15:07:17.445Z - Closed_Fist
2024-07-30T15:07:17.562Z - Closed_Fist
2024-07-30T15:07:17.686Z - Closed_Fist
2024-07-30T15:07:17.806Z - Closed_Fist
2024-07-30T15:07:17.930Z - Closed_Fist
2024-07-30T15:07:18.048Z - Closed_Fist
2024-07-30T15:07:18.170Z - Open_Palm
2024-07-30T15:07:18.315Z - Open_Palm
2024-07-30T15:07:18.562Z - Closed_Fist
2024-07-30T15:07:38.862Z - Open_Palm
2024-07-30T15:07:38.982Z - Open_Palm
2024-07-30T15:07:39.103Z - Open_Palm
2024-07-30T15:07:39.227Z - Open_Palm
2024-07-30T15:07:39.364Z - Open_Palm
2024-07-30T15:07:39.507Z - Open_Palm
2024-07-30T15:07:39.645Z - Open_Palm
2024-07-30T15:07:39.772Z - Open_Palm
2024-07-30T15:07:39.892Z - Open_Palm
2024-07-30T15:07:40.012Z - Open_Palm
2024-07-30T15:07:40.126Z - None
2024-07-30T15:07:40.243Z - Closed_Fist
2024-07-30T15:07:40.370Z - Closed_Fist
2024-07-30T15:07:40.498Z - Closed_Fist
2024-07-30T15:07:40.623Z - Closed_Fist
2024-07-30T15:07:40.759Z - Closed_Fist
2024-07-30T15:07:40.928Z - Closed_Fist
2024-07-30T15:07:40.929Z - Pointing_Up
2024-07-30T15:07:41.058Z - Closed_Fist
2024-07-30T15:07:41.288Z - Closed_Fist
2024-07-30T15:07:41.289Z - Closed_Fist
2024-07-30T15:07:41.476Z - Closed_Fist
2024-07-30T15:07:41.478Z - Closed_Fist
2024-07-30T15:07:41.655Z - Closed_Fist
2024-07-30T15:07:41.656Z - Closed_Fist
2024-07-30T15:07:41.790Z - Closed_Fist
2024-07-30T15:07:41.791Z - Closed_Fist
2024-07-30T15:07:41.922Z - Closed_Fist
2024-07-30T15:07:41.923Z - Closed_Fist
2024-07-30T15:07:42.050Z - Closed_Fist
2024-07-30T15:07:42.179Z - Closed_Fist
2024-07-30T15:07:42.305Z - None
2024-07-30T15:07:42.433Z - None
2024-07-30T15:07:42.586Z - None
2024-07-30T15:07:42.729Z - None
2024-07-30T15:07:42.864Z - None
2024-07-30T15:07:42.997Z - Open_Palm
2024-07-30T15:07:43.123Z - Open_Palm
2024-07-30T15:07:43.260Z - Open_Palm
2024-07-30T15:19:56.089Z - Thumb_Up
2024-07-30T15:19:56.237Z - Thumb_Up
2024-07-30T15:19:56.497Z - Thumb_Up
2024-07-30T15:19:56.503Z - Thumb_Up
2024-07-30T15:19:56.666Z - Thumb_Up
2024-07-30T15:19:56.667Z - Thumb_Up
2024-07-30T15:19:56.851Z - Thumb_Up
2024-07-30T15:19:56.852Z - Thumb_Up
2024-07-30T15:19:57.034Z - Thumb_Up
2024-07-30T15:19:57.037Z - Thumb_Up
2024-07-30T15:19:57.243Z - Thumb_Up
2024-07-30T15:19:57.245Z - Thumb_Up
2024-07-30T15:19:57.430Z - None
2024-07-30T15:19:57.433Z - None
2024-07-30T15:19:57.634Z - Open_Palm
2024-07-30T15:19:57.635Z - Open_Palm
2024-07-30T15:19:57.834Z - Open_Palm
2024-07-30T15:19:57.835Z - Open_Palm
2024-07-30T15:19:58.024Z - Open_Palm
2024-07-30T15:19:58.025Z - Open_Palm
2024-07-30T15:19:58.204Z - Open_Palm
2024-07-30T15:19:58.206Z - Open_Palm
2024-07-30T15:19:58.391Z - Open_Palm
2024-07-30T15:19:58.392Z - Open_Palm
2024-07-30T15:19:58.556Z - Open_Palm
2024-07-30T15:19:58.557Z - Open_Palm
2024-07-30T15:19:58.724Z - Open_Palm
2024-07-30T15:19:58.726Z - Open_Palm
2024-07-30T15:19:58.921Z - Open_Palm
2024-07-30T15:19:58.922Z - Open_Palm
2024-07-30T15:19:59.116Z - Open_Palm
2024-07-30T15:19:59.117Z - Open_Palm
2024-07-30T15:19:59.294Z - Open_Palm
2024-07-30T15:19:59.295Z - Open_Palm
2024-07-30T15:19:59.470Z - Open_Palm
2024-07-30T15:19:59.471Z - Open_Palm
2024-07-30T15:19:59.641Z - Open_Palm
2024-07-30T15:19:59.643Z - Open_Palm
2024-07-30T15:19:59.842Z - None
2024-07-30T15:19:59.843Z - Open_Palm
2024-07-30T15:20:00.040Z - None
2024-07-30T15:20:00.041Z - Open_Palm
2024-07-30T15:20:00.215Z - None
2024-07-30T15:20:00.218Z - None
2024-07-30T15:20:00.388Z - None
2024-07-30T15:20:00.390Z - None
2024-07-30T15:20:00.657Z - Open_Palm
2024-07-30T15:20:00.658Z - Open_Palm
2024-07-30T15:20:00.859Z - None
2024-07-30T15:20:00.860Z - None
2024-07-30T15:20:01.040Z - None
2024-07-30T15:20:01.042Z - Thumb_Up
2024-07-30T15:20:01.212Z - None
2024-07-30T15:20:01.213Z - Thumb_Up
2024-07-30T15:20:01.385Z - None
2024-07-30T15:20:01.387Z - Thumb_Up
2024-07-30T15:20:01.596Z - None
2024-07-30T15:20:01.598Z - Thumb_Up
2024-07-30T15:20:01.788Z - None
2024-07-30T15:20:01.789Z - Thumb_Up
2024-07-30T15:20:01.965Z - None
2024-07-30T15:20:01.966Z - Thumb_Up
2024-07-30T15:20:02.136Z - None
2024-07-30T15:20:02.137Z - Thumb_Up
2024-07-30T15:20:02.307Z - None
2024-07-30T15:20:02.308Z - None
2024-07-30T15:20:02.522Z - None
2024-07-30T15:20:17.198Z - None
2024-07-30T15:20:17.394Z - None
2024-07-30T15:20:17.653Z - None
2024-07-30T15:20:17.937Z - None
2024-07-30T15:20:18.152Z - None
2024-07-30T15:20:18.338Z - None
2024-07-30T15:20:18.514Z - None
2024-07-30T15:20:18.695Z - None
2024-07-30T15:20:18.905Z - None
2024-07-30T15:20:19.095Z - None
